Fri 19 Aug 2022 01:08:29 PM UTC: 
 tests:  0|6
total_score: 0/70
92e616a
Fri 19 Aug 2022 01:12:45 PM UTC: 
 list.c | 6 +++++-
 1 file changed, 5 insertions(+), 1 deletion(-)
In file included from test.c:5:
list.c: In function ‘createList’:
list.c:36:10: error: ‘lst’ undeclared (first use in this function); did you mean ‘list’?
   36 |   return lst;
      |          ^~~
      |          list
list.c:36:10: note: each undeclared identifier is reported only once for each function it appears in
list.c:37:1: error: control reaches end of non-void function [-Werror=return-type]
   37 | }
      | ^
cc1: all warnings being treated as errors
Compilation failed
2a844f8
Fri 19 Aug 2022 01:12:59 PM UTC: 
 list.c | 2 +-
 1 file changed, 1 insertion(+), 1 deletion(-)
 tests:  1|5
total_score: 10/70
354ac51
Sun 21 Aug 2022 03:09:53 PM UTC: 
 list.c | 2 +-
 1 file changed, 1 insertion(+), 1 deletion(-)
 tests:  1|5
total_score: 10/70
6c1df8a
Sun 21 Aug 2022 03:14:55 PM UTC: 
 list.c | 3 ++-
 1 file changed, 2 insertions(+), 1 deletion(-)
In file included from test.c:5:
list.c: In function ‘firstList’:
list.c:40:15: error: ‘head’ undeclared (first use in this function)
   40 |   firstList = head->list;
      |               ^~~~
list.c:40:15: note: each undeclared identifier is reported only once for each function it appears in
Compilation failed
72c9719
Sun 21 Aug 2022 03:18:24 PM UTC: 
 list.c | 4 ++--
 1 file changed, 2 insertions(+), 2 deletions(-)
 tests:  1|5
total_score: 10/70
68e888f
Sun 21 Aug 2022 03:19:39 PM UTC: 
 list.c | 5 +++--
 1 file changed, 3 insertions(+), 2 deletions(-)
In file included from test.c:5:
list.c: In function ‘firstList’:
list.c:40:3: error: ‘current’ undeclared (first use in this function); did you mean ‘popCurrent’?
   40 |   current = list->head;
      |   ^~~~~~~
      |   popCurrent
list.c:40:3: note: each undeclared identifier is reported only once for each function it appears in
list.c:43:1: error: control reaches end of non-void function [-Werror=return-type]
   43 | }
      | ^
cc1: all warnings being treated as errors
Compilation failed
1bc14c8
Sun 21 Aug 2022 03:19:53 PM UTC: 
 list.c | 2 +-
 1 file changed, 1 insertion(+), 1 deletion(-)
In file included from test.c:5:
list.c: In function ‘firstList’:
list.c:40:17: error: initialization of ‘int’ from ‘Node *’ makes integer from pointer without a cast [-Werror=int-conversion]
   40 |   int current = list->head;
      |                 ^~~~
list.c:41:10: error: returning ‘int’ from a function with return type ‘void *’ makes pointer from integer without a cast [-Werror=int-conversion]
   41 |   return current;
      |          ^~~~~~~
cc1: all warnings being treated as errors
Compilation failed
5b6bbf6
Sun 21 Aug 2022 03:24:32 PM UTC: 
 list.c | 5 +++--
 1 file changed, 3 insertions(+), 2 deletions(-)
 tests:  2|5
total_score: 15/70
05cad69
Sun 21 Aug 2022 03:36:03 PM UTC: 
 list.c | 4 +++-
 1 file changed, 3 insertions(+), 1 deletion(-)
In file included from test.c:5:
list.c: In function ‘nextList’:
list.c:48:23: error: ‘List’ {aka ‘struct List’} has no member named ‘next’
   48 |   list->current = list->next;
      |                       ^~
list.c:49:31: error: expected ‘;’ before ‘}’ token
   49 |   return (list->current->next)
      |                               ^
      |                               ;
   50 | }
      | ~                              
Compilation failed
fc9b0db
Sun 21 Aug 2022 03:36:19 PM UTC: 
 list.c | 2 +-
 1 file changed, 1 insertion(+), 1 deletion(-)
In file included from test.c:5:
list.c: In function ‘nextList’:
list.c:48:23: error: ‘List’ {aka ‘struct List’} has no member named ‘next’
   48 |   list->current = list->next;
      |                       ^~
Compilation failed
dd52203
Sun 21 Aug 2022 03:37:09 PM UTC: 
 list.c | 2 +-
 1 file changed, 1 insertion(+), 1 deletion(-)
In file included from test.c:5:
list.c: In function ‘nextList’:
list.c:48:23: error: ‘List’ {aka ‘struct List’} has no member named ‘next’
   48 |   list->current = list->next;
      |                       ^~
list.c:49:15: error: ‘List’ {aka ‘struct List’} has no member named ‘node’
   49 |   return (list->node->next);
      |               ^~
list.c:50:1: error: control reaches end of non-void function [-Werror=return-type]
   50 | }
      | ^
cc1: all warnings being treated as errors
Compilation failed
2658815
Sun 21 Aug 2022 03:37:24 PM UTC: 
 list.c | 2 +-
 1 file changed, 1 insertion(+), 1 deletion(-)
In file included from test.c:5:
list.c: In function ‘nextList’:
list.c:48:23: error: ‘List’ {aka ‘struct List’} has no member named ‘node’
   48 |   list->current = list->node->next;
      |                       ^~
list.c:49:15: error: ‘List’ {aka ‘struct List’} has no member named ‘node’
   49 |   return (list->node->next);
      |               ^~
list.c:50:1: error: control reaches end of non-void function [-Werror=return-type]
   50 | }
      | ^
cc1: all warnings being treated as errors
Compilation failed
6fc9180
Sun 21 Aug 2022 03:38:33 PM UTC: 
 list.c | 4 ++--
 1 file changed, 2 insertions(+), 2 deletions(-)
 tests:  2|5
total_score: 15/70
f3acd08
Sun 21 Aug 2022 03:39:11 PM UTC: 
 list.c | 2 +-
 1 file changed, 1 insertion(+), 1 deletion(-)
 tests:  0|0
3ce47d7
Sun 21 Aug 2022 03:39:29 PM UTC: 
 list.c | 2 +-
 1 file changed, 1 insertion(+), 1 deletion(-)
 tests:  2|5
total_score: 15/70
78eb725
Sun 21 Aug 2022 03:39:41 PM UTC: 
 list.c | 2 +-
 1 file changed, 1 insertion(+), 1 deletion(-)
 tests:  2|5
total_score: 15/70
6edf3c2
Sun 21 Aug 2022 03:39:56 PM UTC: 
 list.c | 2 +-
 1 file changed, 1 insertion(+), 1 deletion(-)
 tests:  0|0
7dc14e5
Sun 21 Aug 2022 03:42:24 PM UTC: 
 list.c | 2 +-
 1 file changed, 1 insertion(+), 1 deletion(-)
 tests:  0|0
ef361b9
Sun 21 Aug 2022 03:43:18 PM UTC: 
 list.c | 2 +-
 1 file changed, 1 insertion(+), 1 deletion(-)
 tests:  0|0
7b56775
Sun 21 Aug 2022 03:43:46 PM UTC: 
 list.c | 2 +-
 1 file changed, 1 insertion(+), 1 deletion(-)
 tests:  0|0
1da24bf
Sun 21 Aug 2022 03:45:45 PM UTC: 
 list.c | 2 +-
 1 file changed, 1 insertion(+), 1 deletion(-)
 tests:  0|0
6d6e493
Sun 21 Aug 2022 03:47:02 PM UTC: 
 list.c | 2 +-
 1 file changed, 1 insertion(+), 1 deletion(-)
 tests:  0|0
764c925
Sun 21 Aug 2022 03:47:19 PM UTC: 
 list.c | 2 +-
 1 file changed, 1 insertion(+), 1 deletion(-)
 tests:  2|5
total_score: 15/70
1be61f2
Sun 21 Aug 2022 03:47:32 PM UTC: 
 list.c | 2 +-
 1 file changed, 1 insertion(+), 1 deletion(-)
 tests:  2|5
total_score: 15/70
571aec9
Sun 21 Aug 2022 03:47:50 PM UTC: 
 list.c | 2 +-
 1 file changed, 1 insertion(+), 1 deletion(-)
 tests:  2|5
total_score: 15/70
fd4485b
Sun 21 Aug 2022 03:48:12 PM UTC: 
 list.c | 2 +-
 1 file changed, 1 insertion(+), 1 deletion(-)
 tests:  0|0
f33316a
Sun 21 Aug 2022 03:48:33 PM UTC: 
 list.c | 2 +-
 1 file changed, 1 insertion(+), 1 deletion(-)
In file included from test.c:5:
list.c: In function ‘nextList’:
list.c:49:15: error: ‘List’ {aka ‘struct List’} has no member named ‘data’
   49 |   return (list->data);
      |               ^~
list.c:50:1: error: control reaches end of non-void function [-Werror=return-type]
   50 | }
      | ^
cc1: all warnings being treated as errors
Compilation failed
25db6cf
Sun 21 Aug 2022 03:55:30 PM UTC: 
 list.c | 5 +++--
 1 file changed, 3 insertions(+), 2 deletions(-)
 tests:  0|0
022ad0e
Sun 21 Aug 2022 03:55:50 PM UTC: 
 list.c | 2 +-
 1 file changed, 1 insertion(+), 1 deletion(-)
 tests:  0|0
2ee62db
Sun 21 Aug 2022 03:56:13 PM UTC: 
 list.c | 4 ++--
 1 file changed, 2 insertions(+), 2 deletions(-)
 tests:  5|4
total_score: 25/70
255434b
Sun 21 Aug 2022 04:03:09 PM UTC: 
 list.c | 3 ++-
 1 file changed, 2 insertions(+), 1 deletion(-)
In file included from test.c:5:
list.c: In function ‘lastList’:
list.c:54:8: error: ‘current’ undeclared (first use in this function); did you mean ‘popCurrent’?
   54 |   for (current; nextList(List * list) = NULL  ; nextList(List * list));
      |        ^~~~~~~
      |        popCurrent
list.c:54:8: note: each undeclared identifier is reported only once for each function it appears in
list.c:54:26: error: expected expression before ‘List’
   54 |   for (current; nextList(List * list) = NULL  ; nextList(List * list));
      |                          ^~~~
list.c:54:58: error: expected expression before ‘List’
   54 |   for (current; nextList(List * list) = NULL  ; nextList(List * list));
      |                                                          ^~~~
list.c:54:3: error: this ‘for’ clause does not guard... [-Werror=misleading-indentation]
   54 |   for (current; nextList(List * list) = NULL  ; nextList(List * list));
      |   ^~~
list.c:55:5: note: ...this statement, but the latter is misleadingly indented as if it were guarded by the ‘for’
   55 |     return list->current->data);
      |     ^~~~~~
list.c:55:31: error: expected ‘;’ before ‘)’ token
   55 |     return list->current->data);
      |                               ^
      |                               ;
list.c:55:31: error: expected statement before ‘)’ token
cc1: all warnings being treated as errors
Compilation failed
1d43a91
Sun 21 Aug 2022 04:03:28 PM UTC: 
 list.c | 2 +-
 1 file changed, 1 insertion(+), 1 deletion(-)
In file included from test.c:5:
list.c: In function ‘lastList’:
list.c:54:12: error: statement with no effect [-Werror=unused-value]
   54 |   for (list->current; nextList(List * list) = NULL  ; nextList(List * list));
      |        ~~~~^~~~~~~~~
list.c:54:32: error: expected expression before ‘List’
   54 |   for (list->current; nextList(List * list) = NULL  ; nextList(List * list));
      |                                ^~~~
list.c:54:64: error: expected expression before ‘List’
   54 |   for (list->current; nextList(List * list) = NULL  ; nextList(List * list));
      |                                                                ^~~~
list.c:54:3: error: this ‘for’ clause does not guard... [-Werror=misleading-indentation]
   54 |   for (list->current; nextList(List * list) = NULL  ; nextList(List * list));
      |   ^~~
list.c:55:5: note: ...this statement, but the latter is misleadingly indented as if it were guarded by the ‘for’
   55 |     return list->current->data);
      |     ^~~~~~
list.c:55:31: error: expected ‘;’ before ‘)’ token
   55 |     return list->current->data);
      |                               ^
      |                               ;
list.c:55:31: error: expected statement before ‘)’ token
cc1: all warnings being treated as errors
Compilation failed
fdec92d
